hosts/android/moai-vungle/build/outputs/logs/manifest-merger-debug-report.txt
-- Merging decision tree log ---
manifest
ADDED from android\moai-vungle\AndroidManifest.xml:1:1-2:12
INJECTED from android\moai-vungle\AndroidManifest.xml:1:1-2:12
INJECTED from android\moai-vungle\AndroidManifest.xml:1:1-2:12
INJECTED from android\moai-vungle\AndroidManifest.xml:1:1-2:12
INJECTED from android\moai-vungle\AndroidManifest.xml:1:1-2:12
INJECTED from android\moai-vungle\AndroidManifest.xml:1:1-2:12
INJECTED from android\moai-vungle\AndroidManifest.xml:1:1-2:12
	package
		ADDED from android\moai-vungle\AndroidManifest.xml:1:70-98
		INJECTED from android\moai-vungle\AndroidManifest.xml
		INJECTED from android\moai-vungle\AndroidManifest.xml
	android:versionName
		INJECTED from android\moai-vungle\AndroidManifest.xml
		ADDED from android\moai-vungle\AndroidManifest.xml:1:1-2:12
		INJECTED from android\moai-vungle\AndroidManifest.xml
	android:versionCode
		INJECTED from android\moai-vungle\AndroidManifest.xml
		ADDED from android\moai-vungle\AndroidManifest.xml:1:1-2:12
		INJECTED from android\moai-vungle\AndroidManifest.xml
	xmlns:android
		ADDED from android\moai-vungle\AndroidManifest.xml:1:11-69
uses-sdk
INJECTED from android\moai-vungle\AndroidManifest.xml reason: use-sdk injection requested
INJECTED from android\moai-vungle\AndroidManifest.xml
INJECTED from android\moai-vungle\AndroidManifest.xml
INJECTED from android\moai-vungle\AndroidManifest.xml
INJECTED from android\moai-vungle\AndroidManifest.xml
	android:targetSdkVersion
		INJECTED from android\moai-vungle\AndroidManifest.xml
		ADDED from android\moai-vungle\AndroidManifest.xml
		INJECTED from android\moai-vungle\AndroidManifest.xml
	android:minSdkVersion
		INJECTED from android\moai-vungle\AndroidManifest.xml
		ADDED from android\moai-vungle\AndroidManifest.xml
		INJECTED from android\moai-vungle\AndroidManifest.xml